<?xml version="1.0" encoding="UTF-8"?>
<!-- Generated by org.testng.reporters.JUnitReportReporter -->
<testsuite hostname="DESKTOP-KQSAQ1P" failures="0" tests="1" name="utils.SampleTest" time="7.149" errors="0" timestamp="5 Aug 2022 17:22:58 GMT">
  <testcase classname="utils.SampleTest" name="sampleMethodForEmailEntering" time="7.149"/>
</testsuite> <!-- utils.SampleTest -->
